#
# A fatal error has been detected by the Java Runtime Environment:
#
#  Internal Error (javaClasses.cpp:126), pid=6656, tid=6336
#  fatal error: Invalid layout of preloaded class
#
# JRE version:  (8.0_31-b13) (build )
# Java VM: Java HotSpot(TM) Client VM (25.31-b07 mixed mode windows-x86 )
# Failed to write core dump. Minidumps are not enabled by default on client versions of Windows
#
# If you would like to submit a bug report, please visit:
#   http://bugreport.java.com/bugreport/crash.jsp
#

---------------  T H R E A D  ---------------

Current thread (0x0074c400):  JavaThread "Unknown thread" [_thread_in_vm, id=6336, stack(0x00e00000,0x00e50000)]

Stack: [0x00e00000,0x00e50000],  sp=0x00e4f770,  free space=317k
Native frames: (J=compiled Java code, j=interpreted, Vv=VM code, C=native code)
V  [jvm.dll+0x197b8b]
V  [jvm.dll+0x1909e6]
V  [jvm.dll+0x3b409]
V  [jvm.dll+0x3b5be]
V  [jvm.dll+0x49f63]
V  [jvm.dll+0x9dd9e]
V  [jvm.dll+0x9e062]
V  [jvm.dll+0x145c31]
V  [jvm.dll+0x169cb8]
V  [jvm.dll+0xdb171]
C  [javaw.exe+0x13e4]
C  [javaw.exe+0x1eb7]
C  [javaw.exe+0xaba1]
C  [javaw.exe+0xac2b]
C  [kernel32.dll+0x4ee1c]
C  [ntdll.dll+0x637eb]
C  [ntdll.dll+0x637be]
C  0x00000000


---------------  P R O C E S S  ---------------

Java Threads: ( => current thread )

Other Threads:

=>0x0074c400 (exited) JavaThread "Unknown thread" [_thread_in_vm, id=6336, stack(0x00e00000,0x00e50000)]

VM state:not at safepoint (not fully initialized)

VM Mutex/Monitor currently owned by a thread: None

GC Heap History (0 events):
No events

Deoptimization events (0 events):
No events

Internal exceptions (0 events):
No events

Events (10 events):
Event: 0.029 loading class java/lang/CharSequence done
Event: 0.029 loading class java/lang/String done
Event: 0.029 loading class java/lang/Class
Event: 0.029 loading class java/lang/reflect/AnnotatedElement
Event: 0.029 loading class java/lang/reflect/AnnotatedElement done
Event: 0.029 loading class java/lang/reflect/GenericDeclaration
Event: 0.029 loading class java/lang/reflect/GenericDeclaration done
Event: 0.029 loading class java/lang/reflect/Type
Event: 0.029 loading class java/lang/reflect/Type done
Event: 0.029 loading class java/lang/Class done


Dynamic libraries:
0x011a0000 - 0x011d0000 	C:\Program Files\Java\jre1.8.0_31\bin\javaw.exe
0x77260000 - 0x7739c000 	C:\Windows\SYSTEM32\ntdll.dll
0x766c0000 - 0x76794000 	C:\Windows\system32\kernel32.dll
0x754d0000 - 0x7551b000 	C:\Windows\system32\KERNELBASE.dll
0x71fc0000 - 0x72086000 	C:\Program Files\Bitdefender\Bitdefender 2015\Active Virus Control\Avc3_00297_020\avcuf32.dll
0x76f50000 - 0x76ff0000 	C:\Windows\system32\ADVAPI32.dll
0x76870000 - 0x7691c000 	C:\Windows\system32\msvcrt.dll
0x76e00000 - 0x76e19000 	C:\Windows\SYSTEM32\sechost.dll
0x76ea0000 - 0x76f42000 	C:\Windows\system32\RPCRT4.dll
0x76ff0000 - 0x770b9000 	C:\Windows\system32\USER32.dll
0x76670000 - 0x766be000 	C:\Windows\system32\GDI32.dll
0x77420000 - 0x7742a000 	C:\Windows\system32\LPK.dll
0x76290000 - 0x7632d000 	C:\Windows\system32\USP10.dll
0x00170000 - 0x0030e000 	C:\Windows\WinSxS\x86_microsoft.windows.common-controls_6595b64144ccf1df_6.0.7601.17514_none_41e6975e2bd6f2b2\COMCTL32.dll
0x76980000 - 0x769d7000 	C:\Windows\system32\SHLWAPI.dll
0x75610000 - 0x7562f000 	C:\Windows\system32\IMM32.DLL
0x767a0000 - 0x7686c000 	C:\Windows\system32\MSCTF.dll
0x54e40000 - 0x54eff000 	C:\Program Files\Java\jre1.8.0_31\bin\msvcr100.dll
0x558e0000 - 0x55c84000 	C:\Program Files\Java\jre1.8.0_31\bin\client\jvm.dll
0x720c0000 - 0x720c7000 	C:\Windows\system32\WSOCK32.dll
0x773b0000 - 0x773e5000 	C:\Windows\system32\WS2_32.dll
0x77480000 - 0x77486000 	C:\Windows\system32\NSI.dll
0x74620000 - 0x74652000 	C:\Windows\system32\WINMM.dll
0x773a0000 - 0x773a5000 	C:\Windows\system32\PSAPI.DLL
0x68e50000 - 0x68e5c000 	C:\Program Files\Java\jre1.8.0_31\bin\verify.dll
0x62670000 - 0x62691000 	C:\Program Files\Java\jre1.8.0_31\bin\java.dll
0x68e30000 - 0x68e43000 	C:\Program Files\Java\jre1.8.0_31\bin\zip.dll
0x67d30000 - 0x67e1b000 	C:\Windows\system32\dbghelp.dll

VM Arguments:
jvm_args: -Dfile.encoding=Cp1252 -Xbootclasspath:C:\adt-bundle-windows-x86-20140702\sdk\platforms\android-14\android.jar 
java_command: org.microemu.android.com.borland.samples.micro.mobilebookstore.bookstoreJ2MEclient.khmermart
java_class_path (initial): C:\Users\Gigi\workspace\MicroEmulator\bin\classes;C:\Users\Gigi\workspace\MicroEmulator\libs\microemulator-3.0.0-SNAPSHOT.jar;C:\Users\Gigi\workspace\MicroEmulator\libs\tools.jar;C:\Users\Gigi\workspace\MicroEmulator\libs\midlet.jar;C:\adt-bundle-windows-x86-20140702\sdk\tools\support\annotations.jar
Launcher Type: SUN_STANDARD

Environment Variables:
PATH=C:/Program Files/Java/jre1.8.0_31/bin/client;C:/Program Files/Java/jre1.8.0_31/bin;C:/Program Files/Java/jre1.8.0_31/lib/i386;C:\Program Files\Graphviz2.38\bin;C:\cygwin\bin;C:\ProgramData\Oracle\Java\javapath;C:\Windows\system32;C:\Windows;C:\Windows\System32\Wbem;C:\Windows\System32\WindowsPowerShell\v1.0\;C:\Program Files\Intel\WiFi\bin\;C:\Program Files\Common Files\Intel\WirelessCommon\;C:\Program Files\Common Files\Seagate\SnapAPI\;c:\gnuarm\bin;C:\Program Files\SlikSvn\bin;C:\Users\Gigi\Downloads\apache-ant-1.9.4-bin\apache-ant-1.9.4\bin;C:\Users\Gigi\Downloads\apache-maven-2.2.1-bin\apache-maven-2.2.1\bin;C:\Program Files\Android\android-sdk\platform-tools;C:\Program Files\Intel\WiFi\bin\;C:\Program Files\Common Files\Intel\WirelessCommon\;C:\SysGCC\arm-eabi\bin;C:\eclipse;
USERNAME=Gigi
OS=Windows_NT
PROCESSOR_IDENTIFIER=x86 Family 6 Model 15 Stepping 13, GenuineIntel



---------------  S Y S T E M  ---------------

OS: Windows 7 Build 7601 Service Pack 1

CPU:total 2 (2 cores per cpu, 1 threads per core) family 6 model 15 stepping 13, cmov, cx8, fxsr, mmx, sse, sse2, sse3, ssse3, tsc

Memory: 4k page, physical 3135928k(858728k free), swap 6270108k(3226904k free)

vm_info: Java HotSpot(TM) Client VM (25.31-b07) for windows-x86 JRE (1.8.0_31-b13), built on Dec 17 2014 20:46:12 by "java_re" with MS VC++ 10.0 (VS2010)

time: Wed Mar 11 00:40:57 2015
elapsed time: 0 seconds (0d 0h 0m 0s)

